#
# There is insufficient memory for the Java Runtime Environment to continue.
# Native memory allocation (mmap) failed to map 130023424 bytes. Error detail: G1 virtual space
# Possible reasons:
#   The system is out of physical RAM or swap space
#   This process is running with CompressedOops enabled, and the Java Heap may be blocking the growth of the native heap
# Possible solutions:
#   Reduce memory load on the system
#   Increase physical memory or swap space
#   Check if swap backing store is full
#   Decrease Java heap size (-Xmx/-Xms)
#   Decrease number of Java threads
#   Decrease Java thread stack sizes (-Xss)
#   Set larger code cache with -XX:ReservedCodeCacheSize=
#   JVM is running with Unscaled Compressed Oops mode in which the Java heap is
#     placed in the first 4GB address space. The Java Heap base address is the
#     maximum limit for the native heap growth. Please use -XX:HeapBaseMinAddress
#     to set the Java Heap base and to place the Java Heap above 4GB virtual address.
# This output file may be truncated or incomplete.
#
#  Out of Memory Error (os_windows.cpp:3618), pid=40388, tid=40864
#
# JRE version:  (17.0.16+8) (build )
# Java VM: OpenJDK 64-Bit Server VM (17.0.16+8, mixed mode, emulated-client, sharing, tiered, compressed oops, compressed class ptrs, g1 gc, windows-amd64)
# No core dump will be written. Minidumps are not enabled by default on client versions of Windows
#

---------------  S U M M A R Y ------------

Command Line: -XX:TieredStopAtLevel=1 -Dfile.encoding=UTF-8 -Duser.country=KR -Duser.language=ko -Duser.variant com.fifthdimension.digital_twin.DigitalTwinApplication

Host: Intel(R) Core(TM) i5-1035G1 CPU @ 1.00GHz, 8 cores, 7G,  Windows 11 , 64 bit Build 26100 (10.0.26100.5074)
Time: Fri Sep 26 18:23:43 2025  Windows 11 , 64 bit Build 26100 (10.0.26100.5074) elapsed time: 2.104478 seconds (0d 0h 0m 2s)

---------------  T H R E A D  ---------------

Current thread (0x00000210c16a46e0):  JavaThread "Unknown thread" [_thread_in_vm, id=40864, stack(0x000000a116600000,0x000000a116700000)]

Stack: [0x000000a116600000,0x000000a116700000]
Native frames: (J=compiled Java code, j=interpreted, Vv=VM code, C=native code)
V  [jvm.dll+0x683169]
V  [jvm.dll+0x839ac8]
V  [jvm.dll+0x83b573]
V  [jvm.dll+0x83bbe3]
V  [jvm.dll+0x2473ff]
V  [jvm.dll+0x67ff49]
V  [jvm.dll+0x674e3a]
V  [jvm.dll+0x304ea6]
V  [jvm.dll+0x30c366]
V  [jvm.dll+0x35deee]
V  [jvm.dll+0x35e12d]
V  [jvm.dll+0x2dc26c]
V  [jvm.dll+0x2dd184]
V  [jvm.dll+0x80ba1b]
V  [jvm.dll+0x36b921]
V  [jvm.dll+0x7ea5df]
V  [jvm.dll+0x3f24fe]
V  [jvm.dll+0x3f4031]
C  [jli.dll+0x5278]
C  [ucrtbase.dll+0x37b0]
C  [KERNEL32.DLL+0x2e8d7]
C  [ntdll.dll+0x8d9c]


---------------  P R O C E S S  ---------------

Threads class SMR info:
_java_thread_list=0x00007ffbe6437f58, length=0, elements={
}

Java Threads: ( => current thread )

Other Threads:
  0x00000210c16fd680 GCTaskThread "GC Thread#0" [stack: 0x000000a116700000,0x000000a116800000] [id=372]
  0x00000210c170f8f0 ConcurrentGCThread "G1 Main Marker" [stack: 0x000000a116800000,0x000000a116900000] [id=41512]
  0x00000210c1710320 ConcurrentGCThread "G1 Conc#0" [stack: 0x000000a116900000,0x000000a116a00000] [id=42360]

[error occurred during error reporting (printing all threads), id 0xc0000005, EXCEPTION_ACCESS_VIOLATION (0xc0000005) at pc=0x00007ffbe5becd97]

VM state: not at safepoint (not fully initialized)

VM Mutex/Monitor currently owned by a thread:  ([mutex/lock_event])
[0x00000210c169d0e0] Heap_lock - owner thread: 0x00000210c16a46e0

Heap address: 0x0000000084e00000, size: 1970 MB, Compressed Oops mode: 32-bit

CDS archive(s) mapped at: [0x0000000000000000-0x0000000000000000-0x0000000000000000), size 0, SharedBaseAddress: 0x0000000800000000, ArchiveRelocationMode: 1.
Narrow klass base: 0x0000000000000000, Narrow klass shift: 0, Narrow klass range: 0x0

GC Precious Log:
<Empty>

Heap:
 garbage-first heap   total 0K, used 0K [0x0000000084e00000, 0x0000000100000000)
  region size 1024K, 0 young (0K), 0 survivors (0K)

[error occurred during error reporting (printing heap information), id 0xc0000005, EXCEPTION_ACCESS_VIOLATION (0xc0000005) at pc=0x00007ffbe5fdc869]

GC Heap History (0 events):
No events

Dll operation events (1 events):
Event: 0.063 Loaded shared library C:\Program Files\Eclipse Adoptium\jdk-17.0.16.8-hotspot\bin\java.dll

Deoptimization events (0 events):
No events

Classes loaded (0 events):
No events

Classes unloaded (0 events):
No events

Classes redefined (0 events):
No events

Internal exceptions (0 events):
No events

VM Operations (0 events):
No events

Memory protections (0 events):
No events

Nmethod flushes (0 events):
No events

Events (0 events):
No events


Dynamic libraries:
0x00007ff7bcdc0000 - 0x00007ff7bcdce000 	C:\Program Files\Eclipse Adoptium\jdk-17.0.16.8-hotspot\bin\java.exe
0x00007ffcac8c0000 - 0x00007ffcacb29000 	C:\WINDOWS\SYSTEM32\ntdll.dll
0x00007ffcab290000 - 0x00007ffcab359000 	C:\WINDOWS\System32\KERNEL32.DLL
0x00007ffca9c60000 - 0x00007ffcaa053000 	C:\WINDOWS\System32\KERNELBASE.dll
0x00007ffcaa2e0000 - 0x00007ffcaa42b000 	C:\WINDOWS\System32\ucrtbase.dll
0x00007ffc907d0000 - 0x00007ffc907e7000 	C:\Program Files\Eclipse Adoptium\jdk-17.0.16.8-hotspot\bin\jli.dll
0x00007ffc907b0000 - 0x00007ffc907ce000 	C:\Program Files\Eclipse Adoptium\jdk-17.0.16.8-hotspot\bin\VCRUNTIME140.dll
0x00007ffcabab0000 - 0x00007ffcabc74000 	C:\WINDOWS\System32\USER32.dll
0x00007ffcaa430000 - 0x00007ffcaa457000 	C:\WINDOWS\System32\win32u.dll
0x00007ffcaa8e0000 - 0x00007ffcaa90b000 	C:\WINDOWS\System32\GDI32.dll
0x00007ffcaa120000 - 0x00007ffcaa24d000 	C:\WINDOWS\System32\gdi32full.dll
0x00007ffcaa460000 - 0x00007ffcaa503000 	C:\WINDOWS\System32\msvcp_win.dll
0x00007ffc8e0e0000 - 0x00007ffc8e373000 	C:\WINDOWS\WinSxS\amd64_microsoft.windows.common-controls_6595b64144ccf1df_6.0.26100.5074_none_3e0d6f78e32fd63f\COMCTL32.dll
0x00007ffcab500000 - 0x00007ffcab5a9000 	C:\WINDOWS\System32\msvcrt.dll
0x00007ffcac630000 - 0x00007ffcac65f000 	C:\WINDOWS\System32\IMM32.DLL
0x00007ffc8dfe0000 - 0x00007ffc8dfec000 	C:\Program Files\Eclipse Adoptium\jdk-17.0.16.8-hotspot\bin\vcruntime140_1.dll
0x00007ffc5a240000 - 0x00007ffc5a2cd000 	C:\Program Files\Eclipse Adoptium\jdk-17.0.16.8-hotspot\bin\msvcp140.dll
0x00007ffbe5900000 - 0x00007ffbe656b000 	C:\Program Files\Eclipse Adoptium\jdk-17.0.16.8-hotspot\bin\server\jvm.dll
0x00007ffcaa910000 - 0x00007ffcaa9c4000 	C:\WINDOWS\System32\ADVAPI32.dll
0x00007ffcaa9d0000 - 0x00007ffcaaa76000 	C:\WINDOWS\System32\sechost.dll
0x00007ffcaa7a0000 - 0x00007ffcaa8b8000 	C:\WINDOWS\System32\RPCRT4.dll
0x00007ffcabde0000 - 0x00007ffcabe54000 	C:\WINDOWS\System32\WS2_32.dll
0x00007ffc94320000 - 0x00007ffc94355000 	C:\WINDOWS\SYSTEM32\WINMM.dll
0x00007ffca7400000 - 0x00007ffca740b000 	C:\WINDOWS\SYSTEM32\VERSION.dll
0x00007ffca98d0000 - 0x00007ffca992e000 	C:\WINDOWS\SYSTEM32\POWRPROF.dll
0x00007ffca98b0000 - 0x00007ffca98c4000 	C:\WINDOWS\SYSTEM32\UMPDC.dll
0x00007ffca8810000 - 0x00007ffca882b000 	C:\WINDOWS\SYSTEM32\kernel.appcore.dll
0x00007ffc89200000 - 0x00007ffc8920a000 	C:\Program Files\Eclipse Adoptium\jdk-17.0.16.8-hotspot\bin\jimage.dll
0x00007ffca5be0000 - 0x00007ffca5e22000 	C:\WINDOWS\SYSTEM32\DBGHELP.DLL
0x00007ffcab730000 - 0x00007ffcabaab000 	C:\WINDOWS\System32\combase.dll
0x00007ffcac670000 - 0x00007ffcac747000 	C:\WINDOWS\System32\OLEAUT32.dll
0x00007ffc8c7b0000 - 0x00007ffc8c7ed000 	C:\WINDOWS\SYSTEM32\dbgcore.DLL
0x00007ffca9bc0000 - 0x00007ffca9c59000 	C:\WINDOWS\System32\bcryptPrimitives.dll
0x00007ffc7a710000 - 0x00007ffc7a735000 	C:\Program Files\Eclipse Adoptium\jdk-17.0.16.8-hotspot\bin\java.dll

dbghelp: loaded successfully - version: 4.0.5 - missing functions: none
symbol engine: initialized successfully - sym options: 0x614 - pdb path: .;C:\Program Files\Eclipse Adoptium\jdk-17.0.16.8-hotspot\bin;C:\WINDOWS\SYSTEM32;C:\WINDOWS\WinSxS\amd64_microsoft.windows.common-controls_6595b64144ccf1df_6.0.26100.5074_none_3e0d6f78e32fd63f;C:\Program Files\Eclipse Adoptium\jdk-17.0.16.8-hotspot\bin\server

VM Arguments:
jvm_args: -XX:TieredStopAtLevel=1 -Dfile.encoding=UTF-8 -Duser.country=KR -Duser.language=ko -Duser.variant 
java_command: com.fifthdimension.digital_twin.DigitalTwinApplication
java_class_path (initial): C:\Users\junsn\.gradle\.tmp\gradle-javaexec-classpath13347099075752346165.jar
Launcher Type: SUN_STANDARD

[Global flags]
     intx CICompilerCount                          = 4                                         {product} {ergonomic}
     uint ConcGCThreads                            = 2                                         {product} {ergonomic}
     uint G1ConcRefinementThreads                  = 8                                         {product} {ergonomic}
   size_t G1HeapRegionSize                         = 1048576                                   {product} {ergonomic}
    uintx GCDrainStackTargetSize                   = 64                                        {product} {ergonomic}
   size_t InitialHeapSize                          = 130023424                                 {product} {ergonomic}
   size_t MarkStackSize                            = 4194304                                   {product} {ergonomic}
   size_t MaxHeapSize                              = 2065694720                                {product} {ergonomic}
   size_t MinHeapDeltaBytes                        = 1048576                                   {product} {ergonomic}
   size_t MinHeapSize                              = 8388608                                   {product} {ergonomic}
    uintx NonProfiledCodeHeapSize                  = 0                                      {pd product} {ergonomic}
     bool ProfileInterpreter                       = false                                  {pd product} {command line}
    uintx ProfiledCodeHeapSize                     = 0                                      {pd product} {ergonomic}
   size_t SoftMaxHeapSize                          = 2065694720                             {manageable} {ergonomic}
     intx TieredStopAtLevel                        = 1                                         {product} {command line}
     bool UseCompressedClassPointers               = true                           {product lp64_product} {ergonomic}
     bool UseCompressedOops                        = true                           {product lp64_product} {ergonomic}
     bool UseG1GC                                  = true                                      {product} {ergonomic}
     bool UseLargePagesIndividualAllocation        = false                                  {pd product} {ergonomic}

Logging:
Log output configuration:
 #0: stdout all=warning uptime,level,tags
 #1: stderr all=off uptime,level,tags

Environment Variables:
CLASSPATH=.;C:\Program Files (x86)\Java\jre1.8.0_261\lib\ext\QTJava.zip
PATH=C:\Program Files\Eclipse Adoptium\jdk-17.0.16.8-hotspot\bin;C:\Program Files (x86)\Common Files\Oracle\Java\javapath;C:\WINDOWS\system32;C:\WINDOWS;C:\WINDOWS\System32\Wbem;C:\WINDOWS\System32\WindowsPowerShell\v1.0\;C:\WINDOWS\System32\OpenSSH\;C:\Program Files (x86)\Windows Live\Shared;C:\Program Files (x86)\QuickTime\QTSystem\;C:\Program Files (x86)\PuTTY\;C:\Program Files\Git\cmd;;C:\Program Files\Docker\Docker\resources\bin;C:\Program Files\nodejs\;C:\Users\junsn\AppData\Local\Programs\Python\Python311\Scripts\;C:\Users\junsn\AppData\Local\Programs\Python\Python311\;C:\Users\junsn\AppData\Local\Microsoft\WindowsApps;C:\Program Files\Bandizip\;C:\Users\junsn\AppData\Local\Programs\Microsoft VS Code\bin;C:\Users\junsn\AppData\Roaming\npm
USERNAME=junsn
OS=Windows_NT
PROCESSOR_IDENTIFIER=Intel64 Family 6 Model 126 Stepping 5, GenuineIntel
TMP=C:\Users\junsn\AppData\Local\Temp
TEMP=C:\Users\junsn\AppData\Local\Temp



Periodic native trim disabled


---------------  S Y S T E M  ---------------

OS:
 Windows 11 , 64 bit Build 26100 (10.0.26100.5074)
OS uptime: 5 days 5:59 hours
Hyper-V role detected

CPU: total 8 (initial active 8) (4 cores per cpu, 2 threads per core) family 6 model 126 stepping 5 microcode 0xbc, cx8, cmov, fxsr, ht, mmx, 3dnowpref, sse, sse2, sse3, ssse3, sse4.1, sse4.2, popcnt, lzcnt, tsc, tscinvbit, avx, avx2, aes, erms, clmul, bmi1, bmi2, adx, avx512f, avx512dq, avx512cd, avx512bw, avx512vl, sha, fma, vzeroupper, avx512_vpopcntdq, avx512_vpclmulqdq, avx512_vaes, avx512_vnni, clflush, clflushopt, avx512_vbmi2, avx512_vbmi, hv
Processor Information for all 8 processors :
  Max Mhz: 1201, Current Mhz: 1201, Mhz Limit: 1201

Memory: 4k page, system-wide physical 7879M (547M free)
TotalPageFile size 32455M (AvailPageFile size 113M)
current process WorkingSet (physical memory assigned to process): 12M, peak: 12M
current process commit charge ("private bytes"): 55M, peak: 179M

vm_info: OpenJDK 64-Bit Server VM (17.0.16+8) for windows-amd64 JRE (17.0.16+8), built on Jul 16 2025 10:37:56 by "admin" with MS VC++ 17.7 (VS2022)

END.
